# JRE version: OpenJDK Runtime Environment (8.0_242-b01) (build 1.8.0_242-release-1644-b01)
# Java VM: OpenJDK 64-Bit Server VM (25.242-b01 mixed mode windows-amd64 compressed oops)
Heap:
 PSYoungGen      total 300032K, used 78950K [0x00000000e0000000, 0x00000000f4c00000, 0x0000000100000000)
  eden space 262144K, 25% used [0x00000000e0000000,0x00000000e403f910,0x00000000f0000000)
  from space 37888K, 34% used [0x00000000f0000000,0x00000000f0cda0e0,0x00000000f2500000)
  to   space 37376K, 0% used [0x00000000f2780000,0x00000000f2780000,0x00000000f4c00000)
 ParOldGen       total 200704K, used 80594K [0x00000000a0000000, 0x00000000ac400000, 0x00000000e0000000)
  object space 200704K, 40% used [0x00000000a0000000,0x00000000a4eb4ac0,0x00000000ac400000)
 Metaspace       used 101477K, capacity 107402K, committed 107688K, reserved 1142784K
  class space    used 13176K, capacity 14212K, committed 14248K, reserved 1048576K
GC Heap History (10 events):
Event: 1566.929 GC heap before
{Heap before GC invocations=29 (full 4):
 PSYoungGen      total 292352K, used 268412K [0x00000000e0000000, 0x00000000f4b00000, 0x0000000100000000)
  eden space 251904K, 100% used [0x00000000e0000000,0x00000000ef600000,0x00000000ef600000)
  from space 40448K, 40% used [0x00000000f1f00000,0x00000000f2f1f388,0x00000000f4680000)
  to   space 41984K, 0% used [0x00000000ef600000,0x00000000ef600000,0x00000000f1f00000)
 ParOldGen       total 200704K, used 80554K [0x00000000a0000000, 0x00000000ac400000, 0x00000000e0000000)
  object space 200704K, 40% used [0x00000000a0000000,0x00000000a4eaaac0,0x00000000ac400000)
 Metaspace       used 100224K, capacity 106018K, committed 106408K, reserved 1140736K
  class space    used 13143K, capacity 14156K, committed 14248K, reserved 1048576K
Event: 1567.038 GC heap after
Heap after GC invocations=29 (full 4):
 PSYoungGen      total 293888K, used 28404K [0x00000000e0000000, 0x00000000f5100000, 0x0000000100000000)
  eden space 251904K, 0% used [0x00000000e0000000,0x00000000e0000000,0x00000000ef600000)
  from space 41984K, 67% used [0x00000000ef600000,0x00000000f11bd138,0x00000000f1f00000)
  to   space 42496K, 0% used [0x00000000f2780000,0x00000000f2780000,0x00000000f5100000)
 ParOldGen       total 200704K, used 80562K [0x00000000a0000000, 0x00000000ac400000, 0x00000000e0000000)
  object space 200704K, 40% used [0x00000000a0000000,0x00000000a4eacac0,0x00000000ac400000)
 Metaspace       used 100224K, capacity 106018K, committed 106408K, reserved 1140736K
  class space    used 13143K, capacity 14156K, committed 14248K, reserved 1048576K
}
Event: 1989.138 GC heap before
{Heap before GC invocations=30 (full 4):
 PSYoungGen      total 293888K, used 280308K [0x00000000e0000000, 0x00000000f5100000, 0x0000000100000000)
  eden space 251904K, 100% used [0x00000000e0000000,0x00000000ef600000,0x00000000ef600000)
  from space 41984K, 67% used [0x00000000ef600000,0x00000000f11bd138,0x00000000f1f00000)
  to   space 42496K, 0% used [0x00000000f2780000,0x00000000f2780000,0x00000000f5100000)
 ParOldGen       total 200704K, used 80562K [0x00000000a0000000, 0x00000000ac400000, 0x00000000e0000000)
  object space 200704K, 40% used [0x00000000a0000000,0x00000000a4eacac0,0x00000000ac400000)
 Metaspace       used 101044K, capacity 106892K, committed 107176K, reserved 1142784K
  class space    used 13169K, capacity 14203K, committed 14248K, reserved 1048576K
Event: 1989.191 GC heap after
Heap after GC invocations=30 (full 4):
 PSYoungGen      total 294400K, used 20006K [0x00000000e0000000, 0x00000000f4b00000, 0x0000000100000000)
  eden space 258048K, 0% used [0x00000000e0000000,0x00000000e0000000,0x00000000efc00000)
  from space 36352K, 55% used [0x00000000f2780000,0x00000000f3b099f8,0x00000000f4b00000)
  to   space 40448K, 0% used [0x00000000efc00000,0x00000000efc00000,0x00000000f2380000)
 ParOldGen       total 200704K, used 80570K [0x00000000a0000000, 0x00000000ac400000, 0x00000000e0000000)
  object space 200704K, 40% used [0x00000000a0000000,0x00000000a4eaeac0,0x00000000ac400000)
 Metaspace       used 101044K, capacity 106892K, committed 107176K, reserved 1142784K
  class space    used 13169K, capacity 14203K, committed 14248K, reserved 1048576K
}
Event: 2086.553 GC heap before
{Heap before GC invocations=31 (full 4):
 PSYoungGen      total 294400K, used 278054K [0x00000000e0000000, 0x00000000f4b00000, 0x0000000100000000)
  eden space 258048K, 100% used [0x00000000e0000000,0x00000000efc00000,0x00000000efc00000)
  from space 36352K, 55% used [0x00000000f2780000,0x00000000f3b099f8,0x00000000f4b00000)
  to   space 40448K, 0% used [0x00000000efc00000,0x00000000efc00000,0x00000000f2380000)
 ParOldGen       total 200704K, used 80570K [0x00000000a0000000, 0x00000000ac400000, 0x00000000e0000000)
  object space 200704K, 40% used [0x00000000a0000000,0x00000000a4eaeac0,0x00000000ac400000)
 Metaspace       used 101173K, capacity 107100K, committed 107432K, reserved 1142784K
  class space    used 13170K, capacity 14205K, committed 14248K, reserved 1048576K
Event: 2086.608 GC heap after
Heap after GC invocations=31 (full 4):
 PSYoungGen      total 298496K, used 19146K [0x00000000e0000000, 0x00000000f4d00000, 0x0000000100000000)
  eden space 258048K, 0% used [0x00000000e0000000,0x00000000e0000000,0x00000000efc00000)
  from space 40448K, 47% used [0x00000000efc00000,0x00000000f0eb28a0,0x00000000f2380000)
  to   space 38912K, 0% used [0x00000000f2700000,0x00000000f2700000,0x00000000f4d00000)
 ParOldGen       total 200704K, used 80578K [0x00000000a0000000, 0x00000000ac400000, 0x00000000e0000000)
  object space 200704K, 40% used [0x00000000a0000000,0x00000000a4eb0ac0,0x00000000ac400000)
 Metaspace       used 101173K, capacity 107100K, committed 107432K, reserved 1142784K
  class space    used 13170K, capacity 14205K, committed 14248K, reserved 1048576K
}
Event: 2579.030 GC heap before
{Heap before GC invocations=32 (full 4):
 PSYoungGen      total 298496K, used 277194K [0x00000000e0000000, 0x00000000f4d00000, 0x0000000100000000)
  eden space 258048K, 100% used [0x00000000e0000000,0x00000000efc00000,0x00000000efc00000)
  from space 40448K, 47% used [0x00000000efc00000,0x00000000f0eb28a0,0x00000000f2380000)
  to   space 38912K, 0% used [0x00000000f2700000,0x00000000f2700000,0x00000000f4d00000)
 ParOldGen       total 200704K, used 80578K [0x00000000a0000000, 0x00000000ac400000, 0x00000000e0000000)
  object space 200704K, 40% used [0x00000000a0000000,0x00000000a4eb0ac0,0x00000000ac400000)
 Metaspace       used 101317K, capacity 107258K, committed 107688K, reserved 1142784K
  class space    used 13173K, capacity 14210K, committed 14248K, reserved 1048576K
Event: 2579.053 GC heap after
Heap after GC invocations=32 (full 4):
 PSYoungGen      total 297984K, used 19098K [0x00000000e0000000, 0x00000000f4a00000, 0x0000000100000000)
  eden space 262144K, 0% used [0x00000000e0000000,0x00000000e0000000,0x00000000f0000000)
  from space 35840K, 53% used [0x00000000f2700000,0x00000000f39a68d0,0x00000000f4a00000)
  to   space 37888K, 0% used [0x00000000f0000000,0x00000000f0000000,0x00000000f2500000)
 ParOldGen       total 200704K, used 80586K [0x00000000a0000000, 0x00000000ac400000, 0x00000000e0000000)
  object space 200704K, 40% used [0x00000000a0000000,0x00000000a4eb2ac0,0x00000000ac400000)
 Metaspace       used 101317K, capacity 107258K, committed 107688K, reserved 1142784K
  class space    used 13173K, capacity 14210K, committed 14248K, reserved 1048576K
}
Event: 3114.901 GC heap before
{Heap before GC invocations=33 (full 4):
 PSYoungGen      total 297984K, used 281242K [0x00000000e0000000, 0x00000000f4a00000, 0x0000000100000000)
  eden space 262144K, 100% used [0x00000000e0000000,0x00000000f0000000,0x00000000f0000000)
  from space 35840K, 53% used [0x00000000f2700000,0x00000000f39a68d0,0x00000000f4a00000)
  to   space 37888K, 0% used [0x00000000f0000000,0x00000000f0000000,0x00000000f2500000)
 ParOldGen       total 200704K, used 80586K [0x00000000a0000000, 0x00000000ac400000, 0x00000000e0000000)
  object space 200704K, 40% used [0x00000000a0000000,0x00000000a4eb2ac0,0x00000000ac400000)
 Metaspace       used 101461K, capacity 107402K, committed 107688K, reserved 1142784K
  class space    used 13176K, capacity 14212K, committed 14248K, reserved 1048576K
Event: 3114.912 GC heap after
Heap after GC invocations=33 (full 4):
 PSYoungGen      total 300032K, used 13160K [0x00000000e0000000, 0x00000000f4c00000, 0x0000000100000000)
  eden space 262144K, 0% used [0x00000000e0000000,0x00000000e0000000,0x00000000f0000000)
  from space 37888K, 34% used [0x00000000f0000000,0x00000000f0cda0e0,0x00000000f2500000)
  to   space 37376K, 0% used [0x00000000f2780000,0x00000000f2780000,0x00000000f4c00000)
 ParOldGen       total 200704K, used 80594K [0x00000000a0000000, 0x00000000ac400000, 0x00000000e0000000)
  object space 200704K, 40% used [0x00000000a0000000,0x00000000a4eb4ac0,0x00000000ac400000)
 Metaspace       used 101461K, capacity 107402K, committed 107688K, reserved 1142784K
  class space    used 13176K, capacity 14212K, committed 14248K, reserved 1048576K
}

